<?xml version="1.0" encoding="UTF-8"?>
<!-- Generated by org.testng.reporters.JUnitXMLReporter -->
<testsuite ignored="0" hostname="LAPTOP-7EDFT05M" failures="1" tests="2" name="BankingApp test" time="10.563" errors="0" timestamp="2020-08-02T11:52:22 IST">
  <testcase classname="Ebanking.testCases.TC_LoginTest_001" name="loginTest" time="2.401"/>
  <testcase classname="Ebanking.testCases.TC_LoginTest_001" name="loginTest" time="2.414">
    <failure type="java.lang.NullPointerException">
      <![CDATA[java.lang.NullPointerException
at Ebanking.utilities.Reporting.onTestSuccess(Reporting.java:54)
at java.base/java.util.ArrayList.forEach(ArrayList.java:1511)
... Removed 24 stack frames]]>
    </failure>
  </testcase> <!-- loginTest -->
</testsuite> <!-- BankingApp test -->
