<?xml version="1.0" encoding="UTF-8"?>
<!-- Generated by org.testng.reporters.JUnitXMLReporter -->
<testsuite ignored="0" hostname="LAPTOP-7EDFT05M" failures="1" tests="2" name="BankingApp test" time="10.686" errors="0" timestamp="02 Aug 2020 08:25:01 GMT">
  <testcase classname="Ebanking.testCases.TC_LoginTest_001" name="loginTest" time="2.228"/>
  <testcase classname="Ebanking.testCases.TC_LoginTest_001" name="loginTest" time="2.24">
    <failure type="java.lang.NullPointerException">
      <![CDATA[java.lang.NullPointerException
at Ebanking.utilities.Reporting.onTestSuccess(Reporting.java:54)
... Removed 26 stack frames]]>
    </failure>
  </testcase> <!-- loginTest -->
</testsuite> <!-- BankingApp test -->
