<?xml version="1.0" encoding="UTF-8"?>
<!-- Generated by org.testng.reporters.JUnitXMLReporter -->
<testsuite ignored="0" hostname="LAPTOP-7EDFT05M" failures="1" tests="2" name="BankingApp test(failed)" time="23.346" errors="0" timestamp="2020-08-01T16:27:49 IST">
  <testcase classname="Ebanking.testCases.TC_LoginDDT_002" name="loginDDT" time="10.825"/>
  <testcase classname="Ebanking.testCases.TC_LoginDDT_002" name="loginDDT" time="12.703">
    <failure type="java.lang.NullPointerException">
      <![CDATA[java.lang.NullPointerException
at Ebanking.utilities.Reporting.onTestSuccess(Reporting.java:54)
at java.base/java.util.ArrayList.forEach(ArrayList.java:1511)
... Removed 24 stack frames]]>
    </failure>
  </testcase> <!-- loginDDT -->
</testsuite> <!-- BankingApp test(failed) -->
